fitness-mobile-application/build/app/intermediates/manifest_merge_blame_file/debug/manifest-merger-blame-debug-report.txt
1<?xml version="1.0" encoding="utf-8"?>
2<manifest xmlns:android="http://schemas.android.com/apk/res/android"
3    package="com.example.csuf_fitness"
4    android:versionCode="1"
5    android:versionName="0.3.0" >
6
7    <uses-sdk
8        android:minSdkVersion="16"
9        android:targetSdkVersion="28" />
10    <!--
11         Flutter needs it to communicate with the running application
12         to allow setting breakpoints, to provide hot reload, etc.
13    -->
14    <uses-permission android:name="android.permission.INTERNET" />
14-->src/debug/AndroidManifest.xml:6:5-66
14-->src/debug/AndroidManifest.xml:6:22-64
15    <uses-permission android:name="android.permission.CAMERA" />
15-->src/main/AndroidManifest.xml:3:3-63
15-->src/main/AndroidManifest.xml:3:20-60
16    <uses-permission android:name="android.permission.VIBRATE" />
16-->[:qrscan] AndroidManifest.xml:8:5-66
16-->[:qrscan] AndroidManifest.xml:8:22-63
17    <uses-permission android:name="android.permission.FLASHLIGHT" />
17-->[:qrscan] AndroidManifest.xml:9:5-69
17-->[:qrscan] AndroidManifest.xml:9:22-66
18
19    <uses-feature android:name="android.hardware.camera" />
19-->[:qrscan] AndroidManifest.xml:11:5-60
19-->[:qrscan] AndroidManifest.xml:11:19-57
20    <uses-feature android:name="android.hardware.camera.autofocus" />
20-->[:qrscan] AndroidManifest.xml:12:5-70
20-->[:qrscan] AndroidManifest.xml:12:19-67
21
22    <uses-permission android:name="android.permission.WAKE_LOCK" />
22-->[:qrscan] AndroidManifest.xml:14:5-68
22-->[:qrscan] AndroidManifest.xml:14:22-65
23    <uses-permission android:name="android.permission.READ_EXTERNAL_STORAGE" />
23-->[:qrscan] AndroidManifest.xml:15:5-80
23-->[:qrscan] AndroidManifest.xml:15:22-77
24    <uses-permission android:name="android.permission.WRITE_EXTERNAL_STORAGE" />
24-->[:qrscan] AndroidManifest.xml:16:5-81
24-->[:qrscan] AndroidManifest.xml:16:22-78
25    <!--
26 io.flutter.app.FlutterApplication is an android.app.Application that
27         calls FlutterMain.startInitialization(this); in its onCreate method.
28         In most cases you can leave this as-is, but you if you want to provide
29         additional functionality it is fine to subclass or reimplement
30         FlutterApplication and put your custom class here.
31    -->
32    <application
32-->src/main/AndroidManifest.xml:10:3-22:17
33        android:name="io.flutter.app.FlutterApplication"
33-->src/main/AndroidManifest.xml:10:16-64
34        android:allowBackup="true"
34-->src/main/AndroidManifest.xml:10:65-91
35        android:appComponentFactory="androidx.core.app.CoreComponentFactory"
35-->[androidx.core:core:1.1.0] AndroidManifest.xml:24:18-86
36        android:configChanges="orientation|keyboardHidden"
36-->[:qrscan] AndroidManifest.xml:21:9-59
37        android:debuggable="true"
38        android:icon="@mipmap/launcher_icon"
38-->src/main/AndroidManifest.xml:10:161-197
39        android:label="My Health &amp; Fitness"
39-->src/main/AndroidManifest.xml:10:92-131
40        android:screenOrientation="portrait"
40-->[:qrscan] AndroidManifest.xml:23:9-45
41        android:supportsRtl="true"
41-->[:qrscan] AndroidManifest.xml:24:9-35
42        android:theme="@style/Theme.AppCompat.NoActionBar"
42-->[:qrscan] AndroidManifest.xml:25:9-59
43        android:windowSoftInputMode="stateAlwaysHidden" >
43-->[:qrscan] AndroidManifest.xml:26:9-56
44        <activity
44-->src/main/AndroidManifest.xml:11:5-16:16
45            android:name="com.example.csuf_fitness.MainActivity"
45-->src/main/AndroidManifest.xml:11:15-43
46            android:configChanges="orientation|keyboardHidden|keyboard|screenSize|smallestScreenSize|locale|layoutDirection|fontScale|screenLayout|density|uiMode"
46-->src/main/AndroidManifest.xml:11:110-260
47            android:hardwareAccelerated="true"
47-->src/main/AndroidManifest.xml:11:261-295
48            android:launchMode="singleTop"
48-->src/main/AndroidManifest.xml:11:44-74
49            android:theme="@style/LaunchTheme"
49-->src/main/AndroidManifest.xml:11:75-109
50            android:windowSoftInputMode="adjustResize" >
50-->src/main/AndroidManifest.xml:11:296-338
51            <intent-filter>
51-->src/main/AndroidManifest.xml:12:7-15:23
52                <action android:name="android.intent.action.MAIN" />
52-->src/main/AndroidManifest.xml:13:9-60
52-->src/main/AndroidManifest.xml:13:17-58
53
54                <category android:name="android.intent.category.LAUNCHER" />
54-->src/main/AndroidManifest.xml:14:9-68
54-->src/main/AndroidManifest.xml:14:19-66
55            </intent-filter>
56        </activity>
57        <!--
58         Don't delete the meta-data below.
59             This is used by the Flutter tool to generate GeneratedPluginRegistrant.java
60        -->
61        <meta-data
61-->src/main/AndroidManifest.xml:19:5-68
62            android:name="flutterEmbedding"
62-->src/main/AndroidManifest.xml:19:16-47
63            android:value="2" />
63-->src/main/AndroidManifest.xml:19:48-65
64
65        <activity android:name="de.mintware.barcode_scan.BarcodeScannerActivity" />
65-->src/main/AndroidManifest.xml:20:5-79
65-->src/main/AndroidManifest.xml:20:15-77
66        <activity android:name="com.apptreesoftware.barcodescan.BarcodeScannerActivity" />
66-->src/main/AndroidManifest.xml:21:5-86
66-->src/main/AndroidManifest.xml:21:15-84
67        <activity android:name="com.shinow.qrscan.SecondActivity" />
67-->[:qrscan] AndroidManifest.xml:27:9-69
67-->[:qrscan] AndroidManifest.xml:27:19-66
68        <activity
68-->[com.google.android.gms:play-services-auth:17.0.0] AndroidManifest.xml:23:9-27:75
69            android:name="com.google.android.gms.auth.api.signin.internal.SignInHubActivity"
69-->[com.google.android.gms:play-services-auth:17.0.0] AndroidManifest.xml:24:13-93
70            android:excludeFromRecents="true"
70-->[com.google.android.gms:play-services-auth:17.0.0] AndroidManifest.xml:25:13-46
71            android:exported="false"
71-->[com.google.android.gms:play-services-auth:17.0.0] AndroidManifest.xml:26:13-37
72            android:theme="@android:style/Theme.Translucent.NoTitleBar" />
72-->[com.google.android.gms:play-services-auth:17.0.0] AndroidManifest.xml:27:13-72
73        <!--
74            Service handling Google Sign-In user revocation. For apps that do not integrate with
75            Google Sign-In, this service will never be started.
76        -->
77        <service
77-->[com.google.android.gms:play-services-auth:17.0.0] AndroidManifest.xml:33:9-36:110
78            android:name="com.google.android.gms.auth.api.signin.RevocationBoundService"
78-->[com.google.android.gms:play-services-auth:17.0.0] AndroidManifest.xml:34:13-89
79            android:exported="true"
79-->[com.google.android.gms:play-services-auth:17.0.0] AndroidManifest.xml:35:13-36
80            android:permission="com.google.android.gms.auth.api.signin.permission.REVOCATION_NOTIFICATION" />
80-->[com.google.android.gms:play-services-auth:17.0.0] AndroidManifest.xml:36:13-107
81
82        <activity
82-->[com.github.leyan95:android-zxingLibrary:0.1.2-PRE] AndroidManifest.xml:14:9-19:63
83            android:name="com.uuzuche.lib_zxing.activity.CaptureActivity"
83-->[com.github.leyan95:android-zxingLibrary:0.1.2-PRE] AndroidManifest.xml:15:13-74
84            android:configChanges="orientation|keyboardHidden"
84-->[com.github.leyan95:android-zxingLibrary:0.1.2-PRE] AndroidManifest.xml:16:13-63
85            android:screenOrientation="portrait"
85-->[com.github.leyan95:android-zxingLibrary:0.1.2-PRE] AndroidManifest.xml:17:13-49
86            android:theme="@style/Theme.AppCompat.NoActionBar"
86-->[com.github.leyan95:android-zxingLibrary:0.1.2-PRE] AndroidManifest.xml:18:13-63
87            android:windowSoftInputMode="stateAlwaysHidden" />
87-->[com.github.leyan95:android-zxingLibrary:0.1.2-PRE] AndroidManifest.xml:19:13-60
88        <activity
88-->[com.google.android.gms:play-services-base:17.1.0] AndroidManifest.xml:23:9-26:75
89            android:name="com.google.android.gms.common.api.GoogleApiActivity"
89-->[com.google.android.gms:play-services-base:17.1.0] AndroidManifest.xml:24:13-79
90            android:exported="false"
90-->[com.google.android.gms:play-services-base:17.1.0] AndroidManifest.xml:25:13-37
91            android:theme="@android:style/Theme.Translucent.NoTitleBar" />
91-->[com.google.android.gms:play-services-base:17.1.0] AndroidManifest.xml:26:13-72
92
93        <meta-data
93-->[com.google.android.gms:play-services-basement:17.0.0] AndroidManifest.xml:23:9-25:69
94            android:name="com.google.android.gms.version"
94-->[com.google.android.gms:play-services-basement:17.0.0] AndroidManifest.xml:24:13-58
95            android:value="@integer/google_play_services_version" />
95-->[com.google.android.gms:play-services-basement:17.0.0] AndroidManifest.xml:25:13-66
96
97        <provider
97-->[com.squareup.picasso:picasso:2.71828] AndroidManifest.xml:8:9-11:40
98            android:name="com.squareup.picasso.PicassoProvider"
98-->[com.squareup.picasso:picasso:2.71828] AndroidManifest.xml:9:13-64
99            android:authorities="com.example.csuf_fitness.com.squareup.picasso"
99-->[com.squareup.picasso:picasso:2.71828] AndroidManifest.xml:10:13-72
100            android:exported="false" />
100-->[com.squareup.picasso:picasso:2.71828] AndroidManifest.xml:11:13-37
101    </application>
102
103</manifest>